android/app/build/intermediates/manifest_merge_blame_file/release/manifest-merger-blame-release-report.txt
1<?xml version="1.0" encoding="utf-8"?>
2<manifest xmlns:android="http://schemas.android.com/apk/res/android"
3    package="com.blalalal"
4    android:versionCode="1"
5    android:versionName="1.0" >
6
7    <uses-sdk
8        android:minSdkVersion="21"
8-->src/main/AndroidManifest.xml
9        android:targetSdkVersion="31" />
9-->src/main/AndroidManifest.xml
10
11    <uses-permission android:name="android.permission.INTERNET" />
11-->src/main/AndroidManifest.xml:4:5-67
11-->src/main/AndroidManifest.xml:4:22-64
12    <uses-permission android:name="android.permission.BLUETOOTH" />
12-->src/main/AndroidManifest.xml:5:5-68
12-->src/main/AndroidManifest.xml:5:22-65
13    <uses-permission android:name="android.permission.BLUETOOTH_ADMIN" />
13-->src/main/AndroidManifest.xml:6:5-74
13-->src/main/AndroidManifest.xml:6:22-71
14    <uses-permission android:name="android.permission.BLUETOOTH_SCAN" />
14-->src/main/AndroidManifest.xml:7:5-73
14-->src/main/AndroidManifest.xml:7:22-70
15    <uses-permission android:name="android.permission.BLUETOOTH_ADVERTISE" />
15-->src/main/AndroidManifest.xml:8:5-78
15-->src/main/AndroidManifest.xml:8:22-75
16    <uses-permission android:name="android.permission.BLUETOOTH_CONNECT" />
16-->src/main/AndroidManifest.xml:9:5-76
16-->src/main/AndroidManifest.xml:9:22-73
17    <uses-permission android:name="android.permission.ACCESS_COARSE_LOCATION" />
17-->src/main/AndroidManifest.xml:10:5-80
17-->src/main/AndroidManifest.xml:10:22-78
18    <uses-permission android:name="android.permission.ACCESS_FINE_LOCATION" />
18-->src/main/AndroidManifest.xml:11:5-78
18-->src/main/AndroidManifest.xml:11:22-76
19
20    <uses-feature
20-->src/main/AndroidManifest.xml:12:5-89
21        android:name="android.hardware.bluetooth_le"
21-->src/main/AndroidManifest.xml:12:19-63
22        android:required="true" />
22-->src/main/AndroidManifest.xml:12:64-87
23
24    <permission
24-->src/main/AndroidManifest.xml:13:5-89
25        android:name="android.permission.BLUETOOTH"
25-->src/main/AndroidManifest.xml:13:17-60
26        android:label="BLUETOOTH" />
26-->src/main/AndroidManifest.xml:13:61-86
27    <permission android:name="android.permission.BLUETOOTH_ADMIN" />
27-->src/main/AndroidManifest.xml:14:5-69
27-->src/main/AndroidManifest.xml:14:17-66
28
29    <uses-feature
29-->[:react-native-bluetooth-state-manager] AndroidManifest.xml:11:5-13:36
30        android:name="android.hardware.bluetooth"
30-->[:react-native-bluetooth-state-manager] AndroidManifest.xml:12:9-50
31        android:required="false" />
31-->[:react-native-bluetooth-state-manager] AndroidManifest.xml:13:9-33
32
33    <uses-permission-sdk-23 android:name="android.permission.ACCESS_COARSE_LOCATION" />
33-->[com.github.Polidea:MultiPlatformBleAdapter:b0272c0fae040cc90f790481c54e8f2d45304339] AndroidManifest.xml:14:5-88
33-->[com.github.Polidea:MultiPlatformBleAdapter:b0272c0fae040cc90f790481c54e8f2d45304339] AndroidManifest.xml:14:29-85
34    <uses-permission-sdk-23 android:name="android.permission.ACCESS_FINE_LOCATION" />
34-->[com.polidea.rxandroidble:rxandroidble:1.7.1] AndroidManifest.xml:15:5-86
34-->[com.polidea.rxandroidble:rxandroidble:1.7.1] AndroidManifest.xml:15:29-83
35
36    <application
36-->src/main/AndroidManifest.xml:19:5-38:19
37        android:name="com.blalalal.MainApplication"
37-->src/main/AndroidManifest.xml:20:7-38
38        android:allowBackup="false"
38-->src/main/AndroidManifest.xml:24:7-34
39        android:appComponentFactory="androidx.core.app.CoreComponentFactory"
39-->[androidx.core:core:1.1.0] AndroidManifest.xml:24:18-86
40        android:icon="@mipmap/ic_launcher"
40-->src/main/AndroidManifest.xml:22:7-41
41        android:label="@string/app_name"
41-->src/main/AndroidManifest.xml:21:7-39
42        android:roundIcon="@mipmap/ic_launcher_round"
42-->src/main/AndroidManifest.xml:23:7-52
43        android:theme="@style/AppTheme" >
43-->src/main/AndroidManifest.xml:25:7-38
44        <activity
44-->src/main/AndroidManifest.xml:26:7-37:18
45            android:name="com.blalalal.MainActivity"
45-->src/main/AndroidManifest.xml:27:9-37
46            android:configChanges="keyboard|keyboardHidden|orientation|screenLayout|screenSize|smallestScreenSize|uiMode"
46-->src/main/AndroidManifest.xml:29:9-118
47            android:exported="true"
47-->src/main/AndroidManifest.xml:32:9-32
48            android:label="@string/app_name"
48-->src/main/AndroidManifest.xml:28:9-41
49            android:launchMode="singleTask"
49-->src/main/AndroidManifest.xml:30:9-40
50            android:windowSoftInputMode="adjustResize" >
50-->src/main/AndroidManifest.xml:31:9-51
51            <intent-filter>
51-->src/main/AndroidManifest.xml:33:9-36:25
52                <action android:name="android.intent.action.MAIN" />
52-->src/main/AndroidManifest.xml:34:13-65
52-->src/main/AndroidManifest.xml:34:21-62
53
54                <category android:name="android.intent.category.LAUNCHER" />
54-->src/main/AndroidManifest.xml:35:13-73
54-->src/main/AndroidManifest.xml:35:23-70
55            </intent-filter>
56        </activity>
57    </application>
58
59</manifest>